2024-06-17T00:04:09.118+02:00  INFO 19064 --- [Grupparbete] [SpringApplicationShutdownHook] j.LocalContainerEntityManagerFactoryBean : Closing JPA EntityManagerFactory for persistence unit 'default'
2024-06-17T00:04:09.166+02:00  WARN 19064 --- [Grupparbete] [SpringApplicationShutdownHook] o.s.b.f.support.DisposableBeanAdapter    : Invocation of destroy method failed on bean with name 'inMemoryDatabaseShutdownExecutor': org.h2.jdbc.JdbcSQLNonTransientConnectionException: Database is already closed (to disable automatic closing at VM shutdown, add ";DB_CLOSE_ON_EXIT=FALSE" to the db URL) [90121-224]
2024-06-17T00:04:09.169+02:00  INFO 19064 --- [Grupparbete] [SpringApplicationShutdownHook] com.zaxxer.hikari.HikariDataSource       : HikariPool-1 - Shutdown initiated...
2024-06-17T00:04:09.216+02:00  INFO 19064 --- [Grupparbete] [SpringApplicationShutdownHook] com.zaxxer.hikari.HikariDataSource       : HikariPool-1 - Shutdown completed.
2024-06-17T00:12:13.151+02:00  INFO 8920 --- [Grupparbete] [restartedMain] s.m.securewebapp.GrupparbeteApplication  : Starting GrupparbeteApplication using Java 21.0.1 with PID 8920 (C:\Users\Coachgruppen Uppsala\IdeaProjects\Grupparbete\Grupparbete\target\classes started by Coachgruppen Uppsala in C:\Users\Coachgruppen Uppsala\IdeaProjects\Grupparbete)
2024-06-17T00:12:13.157+02:00  INFO 8920 --- [Grupparbete] [restartedMain] s.m.securewebapp.GrupparbeteApplication  : No active profile set, falling back to 1 default profile: "default"
2024-06-17T00:12:13.304+02:00  INFO 8920 --- [Grupparbete] [restartedMain] .e.DevToolsPropertyDefaultsPostProcessor : Devtools property defaults active! Set 'spring.devtools.add-properties' to 'false' to disable
2024-06-17T00:12:13.305+02:00  INFO 8920 --- [Grupparbete] [restartedMain] .e.DevToolsPropertyDefaultsPostProcessor : For additional web related logging consider setting the 'logging.level.web' property to 'DEBUG'
2024-06-17T00:12:15.330+02:00  INFO 8920 --- [Grupparbete] [restartedMain] .s.d.r.c.RepositoryConfigurationDelegate : Bootstrapping Spring Data JPA repositories in DEFAULT mode.
2024-06-17T00:12:15.481+02:00  INFO 8920 --- [Grupparbete] [restartedMain] .s.d.r.c.RepositoryConfigurationDelegate : Finished Spring Data repository scanning in 130 ms. Found 2 JPA repository interfaces.
2024-06-17T00:12:17.106+02:00  INFO 8920 --- [Grupparbete] [restartedMain] o.s.b.w.embedded.tomcat.TomcatWebServer  : Tomcat initialized with port 8080 (http)
2024-06-17T00:12:17.138+02:00  INFO 8920 --- [Grupparbete] [restartedMain] o.apache.catalina.core.StandardService   : Starting service [Tomcat]
2024-06-17T00:12:17.139+02:00  INFO 8920 --- [Grupparbete] [restartedMain] o.apache.catalina.core.StandardEngine    : Starting Servlet engine: [Apache Tomcat/10.1.24]
2024-06-17T00:12:17.285+02:00  INFO 8920 --- [Grupparbete] [restartedMain] o.a.c.c.C.[Tomcat].[localhost].[/]       : Initializing Spring embedded WebApplicationContext
2024-06-17T00:12:17.286+02:00  INFO 8920 --- [Grupparbete] [restartedMain] w.s.c.ServletWebServerApplicationContext : Root WebApplicationContext: initialization completed in 3979 ms
2024-06-17T00:12:17.408+02:00  INFO 8920 --- [Grupparbete] [restartedMain] com.zaxxer.hikari.HikariDataSource       : HikariPool-1 - Starting...
2024-06-17T00:12:17.914+02:00  INFO 8920 --- [Grupparbete] [restartedMain] com.zaxxer.hikari.pool.HikariPool        : HikariPool-1 - Added connection conn0: url=jdbc:h2:mem:testdb user=SA
2024-06-17T00:12:17.918+02:00  INFO 8920 --- [Grupparbete] [restartedMain] com.zaxxer.hikari.HikariDataSource       : HikariPool-1 - Start completed.
2024-06-17T00:12:17.944+02:00  INFO 8920 --- [Grupparbete] [restartedMain] o.s.b.a.h2.H2ConsoleAutoConfiguration    : H2 console available at '/h2-console'. Database available at 'jdbc:h2:mem:testdb'
2024-06-17T00:12:18.354+02:00  INFO 8920 --- [Grupparbete] [restartedMain] o.hibernate.jpa.internal.util.LogHelper  : HHH000204: Processing PersistenceUnitInfo [name: default]
2024-06-17T00:12:18.499+02:00  INFO 8920 --- [Grupparbete] [restartedMain] org.hibernate.Version                    : HHH000412: Hibernate ORM core version 6.5.2.Final
2024-06-17T00:12:18.578+02:00  INFO 8920 --- [Grupparbete] [restartedMain] o.h.c.internal.RegionFactoryInitiator    : HHH000026: Second-level cache disabled
2024-06-17T00:12:19.244+02:00  INFO 8920 --- [Grupparbete] [restartedMain] o.s.o.j.p.SpringPersistenceUnitInfo      : No LoadTimeWeaver setup: ignoring JPA class transformer
2024-06-17T00:12:19.344+02:00  WARN 8920 --- [Grupparbete] [restartedMain] org.hibernate.orm.deprecation            : HHH90000025: H2Dialect does not need to be specified explicitly using 'hibernate.dialect' (remove the property setting and it will be selected by default)
2024-06-17T00:12:20.872+02:00  INFO 8920 --- [Grupparbete] [restartedMain] o.h.e.t.j.p.i.JtaPlatformInitiator       : HHH000489: No JTA platform available (set 'hibernate.transaction.jta.platform' to enable JTA platform integration)
2024-06-17T00:12:20.925+02:00  INFO 8920 --- [Grupparbete] [restartedMain] j.LocalContainerEntityManagerFactoryBean : Initialized JPA EntityManagerFactory for persistence unit 'default'
2024-06-17T00:12:21.743+02:00  WARN 8920 --- [Grupparbete] [restartedMain] JpaBaseConfiguration$JpaWebConfiguration : spring.jpa.open-in-view is enabled by default. Therefore, database queries may be performed during view rendering. Explicitly configure spring.jpa.open-in-view to disable this warning
2024-06-17T00:12:21.794+02:00  INFO 8920 --- [Grupparbete] [restartedMain] r$InitializeUserDetailsManagerConfigurer : Global AuthenticationManager configured with UserDetailsService bean with name customUserDetailsService
2024-06-17T00:12:22.392+02:00  INFO 8920 --- [Grupparbete] [restartedMain] o.s.s.web.DefaultSecurityFilterChain     : Will secure any request with [org.springframework.security.web.session.DisableEncodeUrlFilter@3562a49c, org.springframework.security.web.context.request.async.WebAsyncManagerIntegrationFilter@51f6d517, org.springframework.security.web.context.SecurityContextHolderFilter@3ab42c4, org.springframework.security.web.header.HeaderWriterFilter@5422fdd3, org.springframework.web.filter.CorsFilter@7047eec2, org.springframework.security.web.csrf.CsrfFilter@782a22e7, org.springframework.security.web.authentication.logout.LogoutFilter@33d4747b, org.springframework.security.web.authentication.UsernamePasswordAuthenticationFilter@761af14a, org.springframework.security.web.savedrequest.RequestCacheAwareFilter@5e4a4f4a, org.springframework.security.web.servletapi.SecurityContextHolderAwareRequestFilter@2d3f4f9b, org.springframework.security.web.authentication.AnonymousAuthenticationFilter@20104e4f, org.springframework.security.web.access.ExceptionTranslationFilter@5fecd685, org.springframework.security.web.access.intercept.FilterSecurityInterceptor@20d1c8a]
2024-06-17T00:12:22.406+02:00  WARN 8920 --- [Grupparbete] [restartedMain] o.s.s.c.a.web.builders.WebSecurity       : You are asking Spring Security to ignore DispatcherServletDelegating [ant = Ant [pattern='/h2-console/'], mvc = Mvc [pattern='/h2-console/']]. This is not recommended -- please use permitAll via HttpSecurity#authorizeHttpRequests instead.
2024-06-17T00:12:22.408+02:00  INFO 8920 --- [Grupparbete] [restartedMain] o.s.s.web.DefaultSecurityFilterChain     : Will not secure DispatcherServletDelegating [ant = Ant [pattern='/h2-console/'], mvc = Mvc [pattern='/h2-console/']]
2024-06-17T00:12:22.408+02:00  WARN 8920 --- [Grupparbete] [restartedMain] o.s.s.c.a.web.builders.WebSecurity       : You are asking Spring Security to ignore DispatcherServletDelegating [ant = Ant [pattern='/register'], mvc = Mvc [pattern='/register']]. This is not recommended -- please use permitAll via HttpSecurity#authorizeHttpRequests instead.
2024-06-17T00:12:22.408+02:00  INFO 8920 --- [Grupparbete] [restartedMain] o.s.s.web.DefaultSecurityFilterChain     : Will not secure DispatcherServletDelegating [ant = Ant [pattern='/register'], mvc = Mvc [pattern='/register']]
2024-06-17T00:12:22.409+02:00  WARN 8920 --- [Grupparbete] [restartedMain] o.s.s.c.a.web.builders.WebSecurity       : You are asking Spring Security to ignore DispatcherServletDelegating [ant = Ant [pattern='/update/'], mvc = Mvc [pattern='/update/']]. This is not recommended -- please use permitAll via HttpSecurity#authorizeHttpRequests instead.
2024-06-17T00:12:22.409+02:00  INFO 8920 --- [Grupparbete] [restartedMain] o.s.s.web.DefaultSecurityFilterChain     : Will not secure DispatcherServletDelegating [ant = Ant [pattern='/update/'], mvc = Mvc [pattern='/update/']]
2024-06-17T00:12:22.409+02:00  WARN 8920 --- [Grupparbete] [restartedMain] o.s.s.c.a.web.builders.WebSecurity       : You are asking Spring Security to ignore DispatcherServletDelegating [ant = Ant [pattern='/delete/'], mvc = Mvc [pattern='/delete/']]. This is not recommended -- please use permitAll via HttpSecurity#authorizeHttpRequests instead.
2024-06-17T00:12:22.409+02:00  INFO 8920 --- [Grupparbete] [restartedMain] o.s.s.web.DefaultSecurityFilterChain     : Will not secure DispatcherServletDelegating [ant = Ant [pattern='/delete/'], mvc = Mvc [pattern='/delete/']]
2024-06-17T00:12:22.946+02:00  INFO 8920 --- [Grupparbete] [restartedMain] o.s.b.d.a.OptionalLiveReloadServer       : LiveReload server is running on port 35729
2024-06-17T00:12:22.994+02:00  INFO 8920 --- [Grupparbete] [restartedMain] o.s.b.w.embedded.tomcat.TomcatWebServer  : Tomcat started on port 8080 (http) with context path '/'
2024-06-17T00:12:23.017+02:00  INFO 8920 --- [Grupparbete] [restartedMain] s.m.securewebapp.GrupparbeteApplication  : Started GrupparbeteApplication in 10.904 seconds (process running for 12.065)
2024-06-17T00:13:05.844+02:00  INFO 8920 --- [Grupparbete] [http-nio-8080-exec-1] o.a.c.c.C.[Tomcat].[localhost].[/]       : Initializing Spring DispatcherServlet 'dispatcherServlet'
2024-06-17T00:13:05.845+02:00  INFO 8920 --- [Grupparbete] [http-nio-8080-exec-1] o.s.web.servlet.DispatcherServlet        : Initializing Servlet 'dispatcherServlet'
2024-06-17T00:13:05.849+02:00  INFO 8920 --- [Grupparbete] [http-nio-8080-exec-1] o.s.web.servlet.DispatcherServlet        : Completed initialization in 3 ms
2024-06-17T00:13:58.052+02:00  INFO 8920 --- [Grupparbete] [SpringApplicationShutdownHook] j.LocalContainerEntityManagerFactoryBean : Closing JPA EntityManagerFactory for persistence unit 'default'
2024-06-17T00:13:58.073+02:00  WARN 8920 --- [Grupparbete] [SpringApplicationShutdownHook] o.s.b.f.support.DisposableBeanAdapter    : Invocation of destroy method failed on bean with name 'inMemoryDatabaseShutdownExecutor': org.h2.jdbc.JdbcSQLNonTransientConnectionException: Database is already closed (to disable automatic closing at VM shutdown, add ";DB_CLOSE_ON_EXIT=FALSE" to the db URL) [90121-224]
2024-06-17T00:13:58.074+02:00  INFO 8920 --- [Grupparbete] [SpringApplicationShutdownHook] com.zaxxer.hikari.HikariDataSource       : HikariPool-1 - Shutdown initiated...
2024-06-17T00:13:58.079+02:00  INFO 8920 --- [Grupparbete] [SpringApplicationShutdownHook] com.zaxxer.hikari.HikariDataSource       : HikariPool-1 - Shutdown completed.
2024-06-17T00:14:38.265+02:00  INFO 7572 --- [Grupparbete] [restartedMain] s.m.securewebapp.GrupparbeteApplication  : Starting GrupparbeteApplication using Java 21.0.1 with PID 7572 (C:\Users\Coachgruppen Uppsala\IdeaProjects\Grupparbete\Grupparbete\target\classes started by Coachgruppen Uppsala in C:\Users\Coachgruppen Uppsala\IdeaProjects\Grupparbete)
2024-06-17T00:14:38.270+02:00  INFO 7572 --- [Grupparbete] [restartedMain] s.m.securewebapp.GrupparbeteApplication  : No active profile set, falling back to 1 default profile: "default"
2024-06-17T00:14:38.423+02:00  INFO 7572 --- [Grupparbete] [restartedMain] .e.DevToolsPropertyDefaultsPostProcessor : Devtools property defaults active! Set 'spring.devtools.add-properties' to 'false' to disable
2024-06-17T00:14:38.423+02:00  INFO 7572 --- [Grupparbete] [restartedMain] .e.DevToolsPropertyDefaultsPostProcessor : For additional web related logging consider setting the 'logging.level.web' property to 'DEBUG'
2024-06-17T00:14:40.461+02:00  INFO 7572 --- [Grupparbete] [restartedMain] .s.d.r.c.RepositoryConfigurationDelegate : Bootstrapping Spring Data JPA repositories in DEFAULT mode.
2024-06-17T00:14:40.600+02:00  INFO 7572 --- [Grupparbete] [restartedMain] .s.d.r.c.RepositoryConfigurationDelegate : Finished Spring Data repository scanning in 124 ms. Found 2 JPA repository interfaces.
2024-06-17T00:14:42.266+02:00  INFO 7572 --- [Grupparbete] [restartedMain] o.s.b.w.embedded.tomcat.TomcatWebServer  : Tomcat initialized with port 8080 (http)
2024-06-17T00:14:42.298+02:00  INFO 7572 --- [Grupparbete] [restartedMain] o.apache.catalina.core.StandardService   : Starting service [Tomcat]
2024-06-17T00:14:42.299+02:00  INFO 7572 --- [Grupparbete] [restartedMain] o.apache.catalina.core.StandardEngine    : Starting Servlet engine: [Apache Tomcat/10.1.24]
2024-06-17T00:14:42.439+02:00  INFO 7572 --- [Grupparbete] [restartedMain] o.a.c.c.C.[Tomcat].[localhost].[/]       : Initializing Spring embedded WebApplicationContext
2024-06-17T00:14:42.440+02:00  INFO 7572 --- [Grupparbete] [restartedMain] w.s.c.ServletWebServerApplicationContext : Root WebApplicationContext: initialization completed in 4016 ms
2024-06-17T00:14:42.558+02:00  INFO 7572 --- [Grupparbete] [restartedMain] com.zaxxer.hikari.HikariDataSource       : HikariPool-1 - Starting...
2024-06-17T00:14:43.105+02:00  INFO 7572 --- [Grupparbete] [restartedMain] com.zaxxer.hikari.pool.HikariPool        : HikariPool-1 - Added connection conn0: url=jdbc:h2:mem:testdb user=SA
2024-06-17T00:14:43.109+02:00  INFO 7572 --- [Grupparbete] [restartedMain] com.zaxxer.hikari.HikariDataSource       : HikariPool-1 - Start completed.
2024-06-17T00:14:43.137+02:00  INFO 7572 --- [Grupparbete] [restartedMain] o.s.b.a.h2.H2ConsoleAutoConfiguration    : H2 console available at '/h2-console'. Database available at 'jdbc:h2:mem:testdb'
2024-06-17T00:14:43.600+02:00  INFO 7572 --- [Grupparbete] [restartedMain] o.hibernate.jpa.internal.util.LogHelper  : HHH000204: Processing PersistenceUnitInfo [name: default]
2024-06-17T00:14:43.740+02:00  INFO 7572 --- [Grupparbete] [restartedMain] org.hibernate.Version                    : HHH000412: Hibernate ORM core version 6.5.2.Final
2024-06-17T00:14:43.820+02:00  INFO 7572 --- [Grupparbete] [restartedMain] o.h.c.internal.RegionFactoryInitiator    : HHH000026: Second-level cache disabled
2024-06-17T00:14:44.483+02:00  INFO 7572 --- [Grupparbete] [restartedMain] o.s.o.j.p.SpringPersistenceUnitInfo      : No LoadTimeWeaver setup: ignoring JPA class transformer
2024-06-17T00:14:44.591+02:00  WARN 7572 --- [Grupparbete] [restartedMain] org.hibernate.orm.deprecation            : HHH90000025: H2Dialect does not need to be specified explicitly using 'hibernate.dialect' (remove the property setting and it will be selected by default)
2024-06-17T00:14:46.024+02:00  INFO 7572 --- [Grupparbete] [restartedMain] o.h.e.t.j.p.i.JtaPlatformInitiator       : HHH000489: No JTA platform available (set 'hibernate.transaction.jta.platform' to enable JTA platform integration)
2024-06-17T00:14:46.084+02:00  INFO 7572 --- [Grupparbete] [restartedMain] j.LocalContainerEntityManagerFactoryBean : Initialized JPA EntityManagerFactory for persistence unit 'default'
2024-06-17T00:14:46.972+02:00  WARN 7572 --- [Grupparbete] [restartedMain] JpaBaseConfiguration$JpaWebConfiguration : spring.jpa.open-in-view is enabled by default. Therefore, database queries may be performed during view rendering. Explicitly configure spring.jpa.open-in-view to disable this warning
2024-06-17T00:14:47.013+02:00  INFO 7572 --- [Grupparbete] [restartedMain] r$InitializeUserDetailsManagerConfigurer : Global AuthenticationManager configured with UserDetailsService bean with name customUserDetailsService
2024-06-17T00:14:47.620+02:00  INFO 7572 --- [Grupparbete] [restartedMain] o.s.s.web.DefaultSecurityFilterChain     : Will secure any request with [org.springframework.security.web.session.DisableEncodeUrlFilter@5ea78598, org.springframework.security.web.context.request.async.WebAsyncManagerIntegrationFilter@55589e3f, org.springframework.security.web.context.SecurityContextHolderFilter@79b0ddf2, org.springframework.security.web.header.HeaderWriterFilter@4cdfa284, org.springframework.web.filter.CorsFilter@69b39dda, org.springframework.security.web.csrf.CsrfFilter@4791f092, org.springframework.security.web.authentication.logout.LogoutFilter@558a898f, org.springframework.security.web.authentication.UsernamePasswordAuthenticationFilter@2a7de10, org.springframework.security.web.savedrequest.RequestCacheAwareFilter@7a7f806c, org.springframework.security.web.servletapi.SecurityContextHolderAwareRequestFilter@23fbdda0, org.springframework.security.web.authentication.AnonymousAuthenticationFilter@34ac2561, org.springframework.security.web.access.ExceptionTranslationFilter@62d9e263, org.springframework.security.web.access.intercept.FilterSecurityInterceptor@341d30e4]
2024-06-17T00:14:47.631+02:00  WARN 7572 --- [Grupparbete] [restartedMain] o.s.s.c.a.web.builders.WebSecurity       : You are asking Spring Security to ignore DispatcherServletDelegating [ant = Ant [pattern='/h2-console/'], mvc = Mvc [pattern='/h2-console/']]. This is not recommended -- please use permitAll via HttpSecurity#authorizeHttpRequests instead.
2024-06-17T00:14:47.632+02:00  INFO 7572 --- [Grupparbete] [restartedMain] o.s.s.web.DefaultSecurityFilterChain     : Will not secure DispatcherServletDelegating [ant = Ant [pattern='/h2-console/'], mvc = Mvc [pattern='/h2-console/']]
2024-06-17T00:14:47.632+02:00  WARN 7572 --- [Grupparbete] [restartedMain] o.s.s.c.a.web.builders.WebSecurity       : You are asking Spring Security to ignore DispatcherServletDelegating [ant = Ant [pattern='/register'], mvc = Mvc [pattern='/register']]. This is not recommended -- please use permitAll via HttpSecurity#authorizeHttpRequests instead.
2024-06-17T00:14:47.632+02:00  INFO 7572 --- [Grupparbete] [restartedMain] o.s.s.web.DefaultSecurityFilterChain     : Will not secure DispatcherServletDelegating [ant = Ant [pattern='/register'], mvc = Mvc [pattern='/register']]
2024-06-17T00:14:47.633+02:00  WARN 7572 --- [Grupparbete] [restartedMain] o.s.s.c.a.web.builders.WebSecurity       : You are asking Spring Security to ignore DispatcherServletDelegating [ant = Ant [pattern='/update/'], mvc = Mvc [pattern='/update/']]. This is not recommended -- please use permitAll via HttpSecurity#authorizeHttpRequests instead.
2024-06-17T00:14:47.633+02:00  INFO 7572 --- [Grupparbete] [restartedMain] o.s.s.web.DefaultSecurityFilterChain     : Will not secure DispatcherServletDelegating [ant = Ant [pattern='/update/'], mvc = Mvc [pattern='/update/']]
2024-06-17T00:14:47.634+02:00  WARN 7572 --- [Grupparbete] [restartedMain] o.s.s.c.a.web.builders.WebSecurity       : You are asking Spring Security to ignore DispatcherServletDelegating [ant = Ant [pattern='/delete/'], mvc = Mvc [pattern='/delete/']]. This is not recommended -- please use permitAll via HttpSecurity#authorizeHttpRequests instead.
2024-06-17T00:14:47.634+02:00  INFO 7572 --- [Grupparbete] [restartedMain] o.s.s.web.DefaultSecurityFilterChain     : Will not secure DispatcherServletDelegating [ant = Ant [pattern='/delete/'], mvc = Mvc [pattern='/delete/']]
2024-06-17T00:14:48.045+02:00  WARN 7572 --- [Grupparbete] [restartedMain] ConfigServletWebServerApplicationContext : Exception encountered during context initialization - cancelling refresh attempt: org.springframework.beans.factory.BeanCreationException: Error creating bean with name 'roleRepository' defined in se.mehdi.securewebapp.repository.RoleRepository defined in @EnableJpaRepositories declared on JpaRepositoriesRegistrar.EnableJpaRepositoriesConfiguration: Not a managed type: class se.mehdi.securewebapp.entity.Role
2024-06-17T00:14:48.049+02:00  INFO 7572 --- [Grupparbete] [restartedMain] j.LocalContainerEntityManagerFactoryBean : Closing JPA EntityManagerFactory for persistence unit 'default'
2024-06-17T00:14:48.062+02:00  WARN 7572 --- [Grupparbete] [restartedMain] o.s.b.f.support.DisposableBeanAdapter    : Invocation of destroy method failed on bean with name 'inMemoryDatabaseShutdownExecutor': org.h2.jdbc.JdbcSQLNonTransientConnectionException: Database is already closed (to disable automatic closing at VM shutdown, add ";DB_CLOSE_ON_EXIT=FALSE" to the db URL) [90121-224]
2024-06-17T00:14:48.063+02:00  INFO 7572 --- [Grupparbete] [restartedMain] com.zaxxer.hikari.HikariDataSource       : HikariPool-1 - Shutdown initiated...
2024-06-17T00:14:48.066+02:00  INFO 7572 --- [Grupparbete] [restartedMain] com.zaxxer.hikari.HikariDataSource       : HikariPool-1 - Shutdown completed.
2024-06-17T00:14:48.070+02:00  INFO 7572 --- [Grupparbete] [restartedMain] o.apache.catalina.core.StandardService   : Stopping service [Tomcat]
2024-06-17T00:14:48.113+02:00  INFO 7572 --- [Grupparbete] [restartedMain] .s.b.a.l.ConditionEvaluationReportLogger : 

Error starting ApplicationContext. To display the condition evaluation report re-run your application with 'debug' enabled.
2024-06-17T00:14:48.170+02:00 ERROR 7572 --- [Grupparbete] [restartedMain] o.s.boot.SpringApplication               : Application run failed

org.springframework.beans.factory.BeanCreationException: Error creating bean with name 'roleRepository' defined in se.mehdi.securewebapp.repository.RoleRepository defined in @EnableJpaRepositories declared on JpaRepositoriesRegistrar.EnableJpaRepositoriesConfiguration: Not a managed type: class se.mehdi.securewebapp.entity.Role
	at org.springframework.beans.factory.support.AbstractAutowireCapableBeanFactory.initializeBean(AbstractAutowireCapableBeanFactory.java:1788) ~[spring-beans-6.1.8.jar:6.1.8]
	at org.springframework.beans.factory.support.AbstractAutowireCapableBeanFactory.doCreateBean(AbstractAutowireCapableBeanFactory.java:600) ~[spring-beans-6.1.8.jar:6.1.8]
	at org.springframework.beans.factory.support.AbstractAutowireCapableBeanFactory.createBean(AbstractAutowireCapableBeanFactory.java:522) ~[spring-beans-6.1.8.jar:6.1.8]
	at org.springframework.beans.factory.support.AbstractBeanFactory.lambda$doGetBean$0(AbstractBeanFactory.java:337) ~[spring-beans-6.1.8.jar:6.1.8]
	at org.springframework.beans.factory.support.DefaultSingletonBeanRegistry.getSingleton(DefaultSingletonBeanRegistry.java:234) ~[spring-beans-6.1.8.jar:6.1.8]
	at org.springframework.beans.factory.support.AbstractBeanFactory.doGetBean(AbstractBeanFactory.java:335) ~[spring-beans-6.1.8.jar:6.1.8]
	at org.springframework.beans.factory.support.AbstractBeanFactory.getBean(AbstractBeanFactory.java:200) ~[spring-beans-6.1.8.jar:6.1.8]
	at org.springframework.beans.factory.support.DefaultListableBeanFactory.preInstantiateSingletons(DefaultListableBeanFactory.java:969) ~[spring-beans-6.1.8.jar:6.1.8]
	at org.springframework.context.support.AbstractApplicationContext.finishBeanFactoryInitialization(AbstractApplicationContext.java:962) ~[spring-context-6.1.8.jar:6.1.8]
	at org.springframework.context.support.AbstractApplicationContext.refresh(AbstractApplicationContext.java:624) ~[spring-context-6.1.8.jar:6.1.8]
	at org.springframework.boot.web.servlet.context.ServletWebServerApplicationContext.refresh(ServletWebServerApplicationContext.java:146) ~[spring-boot-3.3.0.jar:3.3.0]
	at org.springframework.boot.SpringApplication.refresh(SpringApplication.java:754) ~[spring-boot-3.3.0.jar:3.3.0]
	at org.springframework.boot.SpringApplication.refreshContext(SpringApplication.java:456) ~[spring-boot-3.3.0.jar:3.3.0]
	at org.springframework.boot.SpringApplication.run(SpringApplication.java:335) ~[spring-boot-3.3.0.jar:3.3.0]
	at org.springframework.boot.SpringApplication.run(SpringApplication.java:1363) ~[spring-boot-3.3.0.jar:3.3.0]
	at org.springframework.boot.SpringApplication.run(SpringApplication.java:1352) ~[spring-boot-3.3.0.jar:3.3.0]
	at se.mehdi.securewebapp.GrupparbeteApplication.main(GrupparbeteApplication.java:11) ~[classes/:na]
	at java.base/jdk.internal.reflect.DirectMethodHandleAccessor.invoke(DirectMethodHandleAccessor.java:103) ~[na:na]
	at java.base/java.lang.reflect.Method.invoke(Method.java:580) ~[na:na]
	at org.springframework.boot.devtools.restart.RestartLauncher.run(RestartLauncher.java:50) ~[spring-boot-devtools-3.3.0.jar:3.3.0]
Caused by: java.lang.IllegalArgumentException: Not a managed type: class se.mehdi.securewebapp.entity.Role
	at org.hibernate.metamodel.model.domain.internal.JpaMetamodelImpl.managedType(JpaMetamodelImpl.java:194) ~[hibernate-core-6.5.2.Final.jar:6.5.2.Final]
	at org.hibernate.metamodel.model.domain.internal.MappingMetamodelImpl.managedType(MappingMetamodelImpl.java:469) ~[hibernate-core-6.5.2.Final.jar:6.5.2.Final]
	at org.hibernate.metamodel.model.domain.internal.MappingMetamodelImpl.managedType(MappingMetamodelImpl.java:99) ~[hibernate-core-6.5.2.Final.jar:6.5.2.Final]
	at org.springframework.data.jpa.repository.support.JpaMetamodelEntityInformation.<init>(JpaMetamodelEntityInformation.java:82) ~[spring-data-jpa-3.3.0.jar:3.3.0]
	at org.springframework.data.jpa.repository.support.JpaEntityInformationSupport.getEntityInformation(JpaEntityInformationSupport.java:69) ~[spring-data-jpa-3.3.0.jar:3.3.0]
	at org.springframework.data.jpa.repository.support.JpaRepositoryFactory.getEntityInformation(JpaRepositoryFactory.java:249) ~[spring-data-jpa-3.3.0.jar:3.3.0]
	at org.springframework.data.jpa.repository.support.JpaRepositoryFactory.getTargetRepository(JpaRepositoryFactory.java:214) ~[spring-data-jpa-3.3.0.jar:3.3.0]
	at org.springframework.data.jpa.repository.support.JpaRepositoryFactory.getTargetRepository(JpaRepositoryFactory.java:197) ~[spring-data-jpa-3.3.0.jar:3.3.0]
	at org.springframework.data.jpa.repository.support.JpaRepositoryFactory.getTargetRepository(JpaRepositoryFactory.java:1) ~[spring-data-jpa-3.3.0.jar:3.3.0]
	at org.springframework.data.repository.core.support.RepositoryFactorySupport.getRepository(RepositoryFactorySupport.java:317) ~[spring-data-commons-3.3.0.jar:3.3.0]
	at org.springframework.data.repository.core.support.RepositoryFactoryBeanSupport.lambda$afterPropertiesSet$5(RepositoryFactoryBeanSupport.java:286) ~[spring-data-commons-3.3.0.jar:3.3.0]
	at org.springframework.data.util.Lazy.getNullable(Lazy.java:135) ~[spring-data-commons-3.3.0.jar:3.3.0]
	at org.springframework.data.util.Lazy.get(Lazy.java:113) ~[spring-data-commons-3.3.0.jar:3.3.0]
	at org.springframework.data.repository.core.support.RepositoryFactoryBeanSupport.afterPropertiesSet(RepositoryFactoryBeanSupport.java:292) ~[spring-data-commons-3.3.0.jar:3.3.0]
	at org.springframework.data.jpa.repository.support.JpaRepositoryFactoryBean.afterPropertiesSet(JpaRepositoryFactoryBean.java:132) ~[spring-data-jpa-3.3.0.jar:3.3.0]
	at org.springframework.beans.factory.support.AbstractAutowireCapableBeanFactory.invokeInitMethods(AbstractAutowireCapableBeanFactory.java:1835) ~[spring-beans-6.1.8.jar:6.1.8]
	at org.springframework.beans.factory.support.AbstractAutowireCapableBeanFactory.initializeBean(AbstractAutowireCapableBeanFactory.java:1784) ~[spring-beans-6.1.8.jar:6.1.8]
	... 19 common frames omitted

2024-06-17T00:15:08.209+02:00  INFO 13016 --- [Grupparbete] [restartedMain] s.m.securewebapp.GrupparbeteApplication  : Starting GrupparbeteApplication using Java 21.0.1 with PID 13016 (C:\Users\Coachgruppen Uppsala\IdeaProjects\Grupparbete\Grupparbete\target\classes started by Coachgruppen Uppsala in C:\Users\Coachgruppen Uppsala\IdeaProjects\Grupparbete)
2024-06-17T00:15:08.215+02:00  INFO 13016 --- [Grupparbete] [restartedMain] s.m.securewebapp.GrupparbeteApplication  : No active profile set, falling back to 1 default profile: "default"
2024-06-17T00:15:08.371+02:00  INFO 13016 --- [Grupparbete] [restartedMain] .e.DevToolsPropertyDefaultsPostProcessor : Devtools property defaults active! Set 'spring.devtools.add-properties' to 'false' to disable
2024-06-17T00:15:08.372+02:00  INFO 13016 --- [Grupparbete] [restartedMain] .e.DevToolsPropertyDefaultsPostProcessor : For additional web related logging consider setting the 'logging.level.web' property to 'DEBUG'
2024-06-17T00:15:10.404+02:00  INFO 13016 --- [Grupparbete] [restartedMain] .s.d.r.c.RepositoryConfigurationDelegate : Bootstrapping Spring Data JPA repositories in DEFAULT mode.
2024-06-17T00:15:10.542+02:00  INFO 13016 --- [Grupparbete] [restartedMain] .s.d.r.c.RepositoryConfigurationDelegate : Finished Spring Data repository scanning in 120 ms. Found 2 JPA repository interfaces.
2024-06-17T00:15:12.179+02:00  INFO 13016 --- [Grupparbete] [restartedMain] o.s.b.w.embedded.tomcat.TomcatWebServer  : Tomcat initialized with port 8080 (http)
2024-06-17T00:15:12.211+02:00  INFO 13016 --- [Grupparbete] [restartedMain] o.apache.catalina.core.StandardService   : Starting service [Tomcat]
2024-06-17T00:15:12.212+02:00  INFO 13016 --- [Grupparbete] [restartedMain] o.apache.catalina.core.StandardEngine    : Starting Servlet engine: [Apache Tomcat/10.1.24]
2024-06-17T00:15:12.344+02:00  INFO 13016 --- [Grupparbete] [restartedMain] o.a.c.c.C.[Tomcat].[localhost].[/]       : Initializing Spring embedded WebApplicationContext
2024-06-17T00:15:12.345+02:00  INFO 13016 --- [Grupparbete] [restartedMain] w.s.c.ServletWebServerApplicationContext : Root WebApplicationContext: initialization completed in 3971 ms
2024-06-17T00:15:12.451+02:00  INFO 13016 --- [Grupparbete] [restartedMain] com.zaxxer.hikari.HikariDataSource       : HikariPool-1 - Starting...
2024-06-17T00:15:12.997+02:00  INFO 13016 --- [Grupparbete] [restartedMain] com.zaxxer.hikari.pool.HikariPool        : HikariPool-1 - Added connection conn0: url=jdbc:h2:mem:testdb user=SA
2024-06-17T00:15:13.002+02:00  INFO 13016 --- [Grupparbete] [restartedMain] com.zaxxer.hikari.HikariDataSource       : HikariPool-1 - Start completed.
2024-06-17T00:15:13.030+02:00  INFO 13016 --- [Grupparbete] [restartedMain] o.s.b.a.h2.H2ConsoleAutoConfiguration    : H2 console available at '/h2-console'. Database available at 'jdbc:h2:mem:testdb'
2024-06-17T00:15:13.444+02:00  INFO 13016 --- [Grupparbete] [restartedMain] o.hibernate.jpa.internal.util.LogHelper  : HHH000204: Processing PersistenceUnitInfo [name: default]
2024-06-17T00:15:13.550+02:00  INFO 13016 --- [Grupparbete] [restartedMain] org.hibernate.Version                    : HHH000412: Hibernate ORM core version 6.5.2.Final
2024-06-17T00:15:13.620+02:00  INFO 13016 --- [Grupparbete] [restartedMain] o.h.c.internal.RegionFactoryInitiator    : HHH000026: Second-level cache disabled
2024-06-17T00:15:14.298+02:00  INFO 13016 --- [Grupparbete] [restartedMain] o.s.o.j.p.SpringPersistenceUnitInfo      : No LoadTimeWeaver setup: ignoring JPA class transformer
2024-06-17T00:15:14.387+02:00  WARN 13016 --- [Grupparbete] [restartedMain] org.hibernate.orm.deprecation            : HHH90000025: H2Dialect does not need to be specified explicitly using 'hibernate.dialect' (remove the property setting and it will be selected by default)
2024-06-17T00:15:15.944+02:00  INFO 13016 --- [Grupparbete] [restartedMain] o.h.e.t.j.p.i.JtaPlatformInitiator       : HHH000489: No JTA platform available (set 'hibernate.transaction.jta.platform' to enable JTA platform integration)
2024-06-17T00:15:15.996+02:00  INFO 13016 --- [Grupparbete] [restartedMain] j.LocalContainerEntityManagerFactoryBean : Initialized JPA EntityManagerFactory for persistence unit 'default'
2024-06-17T00:15:16.878+02:00  WARN 13016 --- [Grupparbete] [restartedMain] JpaBaseConfiguration$JpaWebConfiguration : spring.jpa.open-in-view is enabled by default. Therefore, database queries may be performed during view rendering. Explicitly configure spring.jpa.open-in-view to disable this warning
2024-06-17T00:15:16.927+02:00  INFO 13016 --- [Grupparbete] [restartedMain] r$InitializeUserDetailsManagerConfigurer : Global AuthenticationManager configured with UserDetailsService bean with name customUserDetailsService
2024-06-17T00:15:17.590+02:00  INFO 13016 --- [Grupparbete] [restartedMain] o.s.s.web.DefaultSecurityFilterChain     : Will secure any request with [org.springframework.security.web.session.DisableEncodeUrlFilter@7923281b, org.springframework.security.web.context.request.async.WebAsyncManagerIntegrationFilter@7abb0e41, org.springframework.security.web.context.SecurityContextHolderFilter@55049858, org.springframework.security.web.header.HeaderWriterFilter@5d686624, org.springframework.web.filter.CorsFilter@3e862427, org.springframework.security.web.csrf.CsrfFilter@7e859bcf, org.springframework.security.web.authentication.logout.LogoutFilter@cea6518, org.springframework.security.web.authentication.UsernamePasswordAuthenticationFilter@15da346d, org.springframework.security.web.savedrequest.RequestCacheAwareFilter@6cc3e769, org.springframework.security.web.servletapi.SecurityContextHolderAwareRequestFilter@c2d29fa, org.springframework.security.web.authentication.AnonymousAuthenticationFilter@706fd2b5, org.springframework.security.web.access.ExceptionTranslationFilter@2c2ff419, org.springframework.security.web.access.intercept.FilterSecurityInterceptor@a4398d6]
2024-06-17T00:15:17.606+02:00  WARN 13016 --- [Grupparbete] [restartedMain] o.s.s.c.a.web.builders.WebSecurity       : You are asking Spring Security to ignore DispatcherServletDelegating [ant = Ant [pattern='/h2-console/'], mvc = Mvc [pattern='/h2-console/']]. This is not recommended -- please use permitAll via HttpSecurity#authorizeHttpRequests instead.
2024-06-17T00:15:17.606+02:00  INFO 13016 --- [Grupparbete] [restartedMain] o.s.s.web.DefaultSecurityFilterChain     : Will not secure DispatcherServletDelegating [ant = Ant [pattern='/h2-console/'], mvc = Mvc [pattern='/h2-console/']]
2024-06-17T00:15:17.607+02:00  WARN 13016 --- [Grupparbete] [restartedMain] o.s.s.c.a.web.builders.WebSecurity       : You are asking Spring Security to ignore DispatcherServletDelegating [ant = Ant [pattern='/register'], mvc = Mvc [pattern='/register']]. This is not recommended -- please use permitAll via HttpSecurity#authorizeHttpRequests instead.
2024-06-17T00:15:17.607+02:00  INFO 13016 --- [Grupparbete] [restartedMain] o.s.s.web.DefaultSecurityFilterChain     : Will not secure DispatcherServletDelegating [ant = Ant [pattern='/register'], mvc = Mvc [pattern='/register']]
2024-06-17T00:15:17.607+02:00  WARN 13016 --- [Grupparbete] [restartedMain] o.s.s.c.a.web.builders.WebSecurity       : You are asking Spring Security to ignore DispatcherServletDelegating [ant = Ant [pattern='/update/'], mvc = Mvc [pattern='/update/']]. This is not recommended -- please use permitAll via HttpSecurity#authorizeHttpRequests instead.
2024-06-17T00:15:17.608+02:00  INFO 13016 --- [Grupparbete] [restartedMain] o.s.s.web.DefaultSecurityFilterChain     : Will not secure DispatcherServletDelegating [ant = Ant [pattern='/update/'], mvc = Mvc [pattern='/update/']]
2024-06-17T00:15:17.608+02:00  WARN 13016 --- [Grupparbete] [restartedMain] o.s.s.c.a.web.builders.WebSecurity       : You are asking Spring Security to ignore DispatcherServletDelegating [ant = Ant [pattern='/delete/'], mvc = Mvc [pattern='/delete/']]. This is not recommended -- please use permitAll via HttpSecurity#authorizeHttpRequests instead.
2024-06-17T00:15:17.608+02:00  INFO 13016 --- [Grupparbete] [restartedMain] o.s.s.web.DefaultSecurityFilterChain     : Will not secure DispatcherServletDelegating [ant = Ant [pattern='/delete/'], mvc = Mvc [pattern='/delete/']]
2024-06-17T00:15:18.163+02:00  INFO 13016 --- [Grupparbete] [restartedMain] o.s.b.d.a.OptionalLiveReloadServer       : LiveReload server is running on port 35729
2024-06-17T00:15:18.357+02:00  INFO 13016 --- [Grupparbete] [restartedMain] o.s.b.w.embedded.tomcat.TomcatWebServer  : Tomcat started on port 8080 (http) with context path '/'
2024-06-17T00:15:18.390+02:00  INFO 13016 --- [Grupparbete] [restartedMain] s.m.securewebapp.GrupparbeteApplication  : Started GrupparbeteApplication in 11.523 seconds (process running for 12.765)
2024-06-17T00:15:37.250+02:00  INFO 13016 --- [Grupparbete] [SpringApplicationShutdownHook] j.LocalContainerEntityManagerFactoryBean : Closing JPA EntityManagerFactory for persistence unit 'default'
2024-06-17T00:15:37.263+02:00  WARN 13016 --- [Grupparbete] [SpringApplicationShutdownHook] o.s.b.f.support.DisposableBeanAdapter    : Invocation of destroy method failed on bean with name 'inMemoryDatabaseShutdownExecutor': org.h2.jdbc.JdbcSQLNonTransientConnectionException: Database is already closed (to disable automatic closing at VM shutdown, add ";DB_CLOSE_ON_EXIT=FALSE" to the db URL) [90121-224]
2024-06-17T00:15:37.264+02:00  INFO 13016 --- [Grupparbete] [SpringApplicationShutdownHook] com.zaxxer.hikari.HikariDataSource       : HikariPool-1 - Shutdown initiated...
2024-06-17T00:15:37.267+02:00  INFO 13016 --- [Grupparbete] [SpringApplicationShutdownHook] com.zaxxer.hikari.HikariDataSource       : HikariPool-1 - Shutdown completed.
