2024-06-19T01:46:57.355+02:00  INFO 19260 --- [Grupparbete] [main] s.m.s.config.SecurityConfigTest          : Starting SecurityConfigTest using Java 21.0.2 with PID 19260 (started by Sertan in C:\Users\Sertan\Documents\grupparbete\Grupparbete)
2024-06-19T01:46:57.360+02:00  INFO 19260 --- [Grupparbete] [main] s.m.s.config.SecurityConfigTest          : No active profile set, falling back to 1 default profile: "default"
2024-06-19T01:47:00.455+02:00  INFO 19260 --- [Grupparbete] [main] .s.d.r.c.RepositoryConfigurationDelegate : Bootstrapping Spring Data JPA repositories in DEFAULT mode.
2024-06-19T01:47:00.646+02:00  INFO 19260 --- [Grupparbete] [main] .s.d.r.c.RepositoryConfigurationDelegate : Finished Spring Data repository scanning in 165 ms. Found 2 JPA repository interfaces.
2024-06-19T01:47:02.341+02:00  INFO 19260 --- [Grupparbete] [main] com.zaxxer.hikari.HikariDataSource       : HikariPool-1 - Starting...
2024-06-19T01:47:03.141+02:00  INFO 19260 --- [Grupparbete] [main] com.zaxxer.hikari.pool.HikariPool        : HikariPool-1 - Added connection conn0: url=jdbc:h2:mem:testdb user=SA
2024-06-19T01:47:03.147+02:00  INFO 19260 --- [Grupparbete] [main] com.zaxxer.hikari.HikariDataSource       : HikariPool-1 - Start completed.
2024-06-19T01:47:03.280+02:00  INFO 19260 --- [Grupparbete] [main] o.hibernate.jpa.internal.util.LogHelper  : HHH000204: Processing PersistenceUnitInfo [name: default]
2024-06-19T01:47:03.668+02:00  INFO 19260 --- [Grupparbete] [main] org.hibernate.Version                    : HHH000412: Hibernate ORM core version 6.5.2.Final
2024-06-19T01:47:03.828+02:00  INFO 19260 --- [Grupparbete] [main] o.h.c.internal.RegionFactoryInitiator    : HHH000026: Second-level cache disabled
2024-06-19T01:47:05.028+02:00  INFO 19260 --- [Grupparbete] [main] o.s.o.j.p.SpringPersistenceUnitInfo      : No LoadTimeWeaver setup: ignoring JPA class transformer
2024-06-19T01:47:05.205+02:00  WARN 19260 --- [Grupparbete] [main] org.hibernate.orm.deprecation            : HHH90000025: H2Dialect does not need to be specified explicitly using 'hibernate.dialect' (remove the property setting and it will be selected by default)
2024-06-19T01:47:08.678+02:00  INFO 19260 --- [Grupparbete] [main] o.h.e.t.j.p.i.JtaPlatformInitiator       : HHH000489: No JTA platform available (set 'hibernate.transaction.jta.platform' to enable JTA platform integration)
2024-06-19T01:47:08.821+02:00  INFO 19260 --- [Grupparbete] [main] j.LocalContainerEntityManagerFactoryBean : Initialized JPA EntityManagerFactory for persistence unit 'default'
2024-06-19T01:47:10.283+02:00  WARN 19260 --- [Grupparbete] [main] JpaBaseConfiguration$JpaWebConfiguration : spring.jpa.open-in-view is enabled by default. Therefore, database queries may be performed during view rendering. Explicitly configure spring.jpa.open-in-view to disable this warning
2024-06-19T01:47:10.361+02:00  INFO 19260 --- [Grupparbete] [main] r$InitializeUserDetailsManagerConfigurer : Global AuthenticationManager configured with UserDetailsService bean with name customUserDetailsService
2024-06-19T01:47:11.437+02:00  INFO 19260 --- [Grupparbete] [main] o.s.s.web.DefaultSecurityFilterChain     : Will secure any request with [org.springframework.security.web.session.DisableEncodeUrlFilter@31428f76, org.springframework.security.web.context.request.async.WebAsyncManagerIntegrationFilter@4257163f, org.springframework.security.web.context.SecurityContextHolderFilter@27a23d87, org.springframework.security.web.header.HeaderWriterFilter@7a25f8ee, org.springframework.web.filter.CorsFilter@40e7aea9, org.springframework.security.web.csrf.CsrfFilter@fc6cac6, org.springframework.security.web.authentication.logout.LogoutFilter@9e092b5, org.springframework.security.web.authentication.UsernamePasswordAuthenticationFilter@1002c49e, org.springframework.security.web.authentication.ui.DefaultLoginPageGeneratingFilter@43e9a8a2, org.springframework.security.web.authentication.ui.DefaultLogoutPageGeneratingFilter@63ff861e, org.springframework.security.web.savedrequest.RequestCacheAwareFilter@2cbae0f1, org.springframework.security.web.servletapi.SecurityContextHolderAwareRequestFilter@d8cece4, org.springframework.security.web.authentication.AnonymousAuthenticationFilter@46e38c28, org.springframework.security.web.access.ExceptionTranslationFilter@1dc28c66, org.springframework.security.web.access.intercept.AuthorizationFilter@6eff05e7]
2024-06-19T01:47:11.464+02:00  WARN 19260 --- [Grupparbete] [main] o.s.s.c.a.web.builders.WebSecurity       : You are asking Spring Security to ignore Ant [pattern='/h2-console/']. This is not recommended -- please use permitAll via HttpSecurity#authorizeHttpRequests instead.
2024-06-19T01:47:11.465+02:00  INFO 19260 --- [Grupparbete] [main] o.s.s.web.DefaultSecurityFilterChain     : Will not secure Ant [pattern='/h2-console/']
2024-06-19T01:47:11.466+02:00  WARN 19260 --- [Grupparbete] [main] o.s.s.c.a.web.builders.WebSecurity       : You are asking Spring Security to ignore Ant [pattern='/register']. This is not recommended -- please use permitAll via HttpSecurity#authorizeHttpRequests instead.
2024-06-19T01:47:11.467+02:00  INFO 19260 --- [Grupparbete] [main] o.s.s.web.DefaultSecurityFilterChain     : Will not secure Ant [pattern='/register']
2024-06-19T01:47:11.468+02:00  WARN 19260 --- [Grupparbete] [main] o.s.s.c.a.web.builders.WebSecurity       : You are asking Spring Security to ignore Ant [pattern='/update/']. This is not recommended -- please use permitAll via HttpSecurity#authorizeHttpRequests instead.
2024-06-19T01:47:11.468+02:00  INFO 19260 --- [Grupparbete] [main] o.s.s.web.DefaultSecurityFilterChain     : Will not secure Ant [pattern='/update/']
2024-06-19T01:47:11.468+02:00  WARN 19260 --- [Grupparbete] [main] o.s.s.c.a.web.builders.WebSecurity       : You are asking Spring Security to ignore Ant [pattern='/delete/']. This is not recommended -- please use permitAll via HttpSecurity#authorizeHttpRequests instead.
2024-06-19T01:47:11.469+02:00  INFO 19260 --- [Grupparbete] [main] o.s.s.web.DefaultSecurityFilterChain     : Will not secure Ant [pattern='/delete/']
2024-06-19T01:47:12.446+02:00  INFO 19260 --- [Grupparbete] [main] o.s.b.a.h2.H2ConsoleAutoConfiguration    : H2 console available at '/h2-console'. Database available at 'jdbc:h2:mem:testdb'
2024-06-19T01:47:12.625+02:00  INFO 19260 --- [Grupparbete] [main] s.m.s.config.SecurityConfigTest          : Started SecurityConfigTest in 16.599 seconds (process running for 20.693)
2024-06-19T01:47:14.503+02:00  INFO 19260 --- [Grupparbete] [SpringApplicationShutdownHook] j.LocalContainerEntityManagerFactoryBean : Closing JPA EntityManagerFactory for persistence unit 'default'
2024-06-19T01:47:14.522+02:00  INFO 19260 --- [Grupparbete] [SpringApplicationShutdownHook] com.zaxxer.hikari.HikariDataSource       : HikariPool-1 - Shutdown initiated...
2024-06-19T01:47:14.529+02:00  INFO 19260 --- [Grupparbete] [SpringApplicationShutdownHook] com.zaxxer.hikari.HikariDataSource       : HikariPool-1 - Shutdown completed.
2024-06-19T02:24:47.159+02:00  INFO 12484 --- [Grupparbete] [main] s.m.s.config.SecurityConfigTest          : Starting SecurityConfigTest using Java 21.0.2 with PID 12484 (started by Sertan in C:\Users\Sertan\Documents\grupparbete\Grupparbete)
2024-06-19T02:24:47.164+02:00  INFO 12484 --- [Grupparbete] [main] s.m.s.config.SecurityConfigTest          : No active profile set, falling back to 1 default profile: "default"
2024-06-19T02:24:49.862+02:00  INFO 12484 --- [Grupparbete] [main] .s.d.r.c.RepositoryConfigurationDelegate : Bootstrapping Spring Data JPA repositories in DEFAULT mode.
2024-06-19T02:24:50.076+02:00  INFO 12484 --- [Grupparbete] [main] .s.d.r.c.RepositoryConfigurationDelegate : Finished Spring Data repository scanning in 188 ms. Found 2 JPA repository interfaces.
2024-06-19T02:24:51.734+02:00  INFO 12484 --- [Grupparbete] [main] com.zaxxer.hikari.HikariDataSource       : HikariPool-1 - Starting...
2024-06-19T02:24:52.348+02:00  INFO 12484 --- [Grupparbete] [main] com.zaxxer.hikari.pool.HikariPool        : HikariPool-1 - Added connection conn0: url=jdbc:h2:mem:testdb user=SA
2024-06-19T02:24:52.354+02:00  INFO 12484 --- [Grupparbete] [main] com.zaxxer.hikari.HikariDataSource       : HikariPool-1 - Start completed.
2024-06-19T02:24:52.507+02:00  INFO 12484 --- [Grupparbete] [main] o.hibernate.jpa.internal.util.LogHelper  : HHH000204: Processing PersistenceUnitInfo [name: default]
2024-06-19T02:24:52.729+02:00  INFO 12484 --- [Grupparbete] [main] org.hibernate.Version                    : HHH000412: Hibernate ORM core version 6.5.2.Final
2024-06-19T02:24:52.825+02:00  INFO 12484 --- [Grupparbete] [main] o.h.c.internal.RegionFactoryInitiator    : HHH000026: Second-level cache disabled
2024-06-19T02:24:53.985+02:00  INFO 12484 --- [Grupparbete] [main] o.s.o.j.p.SpringPersistenceUnitInfo      : No LoadTimeWeaver setup: ignoring JPA class transformer
2024-06-19T02:24:54.129+02:00  WARN 12484 --- [Grupparbete] [main] org.hibernate.orm.deprecation            : HHH90000025: H2Dialect does not need to be specified explicitly using 'hibernate.dialect' (remove the property setting and it will be selected by default)
2024-06-19T02:24:56.617+02:00  INFO 12484 --- [Grupparbete] [main] o.h.e.t.j.p.i.JtaPlatformInitiator       : HHH000489: No JTA platform available (set 'hibernate.transaction.jta.platform' to enable JTA platform integration)
2024-06-19T02:24:56.759+02:00  INFO 12484 --- [Grupparbete] [main] j.LocalContainerEntityManagerFactoryBean : Initialized JPA EntityManagerFactory for persistence unit 'default'
2024-06-19T02:24:58.036+02:00  WARN 12484 --- [Grupparbete] [main] JpaBaseConfiguration$JpaWebConfiguration : spring.jpa.open-in-view is enabled by default. Therefore, database queries may be performed during view rendering. Explicitly configure spring.jpa.open-in-view to disable this warning
2024-06-19T02:24:58.159+02:00  INFO 12484 --- [Grupparbete] [main] r$InitializeUserDetailsManagerConfigurer : Global AuthenticationManager configured with UserDetailsService bean with name customUserDetailsService
2024-06-19T02:24:59.152+02:00  INFO 12484 --- [Grupparbete] [main] o.s.s.web.DefaultSecurityFilterChain     : Will secure any request with [org.springframework.security.web.session.DisableEncodeUrlFilter@43d2c8e3, org.springframework.security.web.context.request.async.WebAsyncManagerIntegrationFilter@8bb5c2a, org.springframework.security.web.context.SecurityContextHolderFilter@5692863, org.springframework.security.web.header.HeaderWriterFilter@73502d5e, org.springframework.web.filter.CorsFilter@6a9d572, org.springframework.security.web.csrf.CsrfFilter@22e650e, org.springframework.security.web.authentication.logout.LogoutFilter@25af1dbf, org.springframework.security.web.authentication.UsernamePasswordAuthenticationFilter@456c53a, org.springframework.security.web.authentication.ui.DefaultLoginPageGeneratingFilter@3857c5d5, org.springframework.security.web.authentication.ui.DefaultLogoutPageGeneratingFilter@a5df98c, org.springframework.security.web.savedrequest.RequestCacheAwareFilter@5bbb0a25, org.springframework.security.web.servletapi.SecurityContextHolderAwareRequestFilter@68aa1164, org.springframework.security.web.authentication.AnonymousAuthenticationFilter@5f1dadf4, org.springframework.security.web.access.ExceptionTranslationFilter@25d87313, org.springframework.security.web.access.intercept.AuthorizationFilter@2f70d78c]
2024-06-19T02:24:59.172+02:00  WARN 12484 --- [Grupparbete] [main] o.s.s.c.a.web.builders.WebSecurity       : You are asking Spring Security to ignore Ant [pattern='/h2-console/']. This is not recommended -- please use permitAll via HttpSecurity#authorizeHttpRequests instead.
2024-06-19T02:24:59.173+02:00  INFO 12484 --- [Grupparbete] [main] o.s.s.web.DefaultSecurityFilterChain     : Will not secure Ant [pattern='/h2-console/']
2024-06-19T02:24:59.174+02:00  WARN 12484 --- [Grupparbete] [main] o.s.s.c.a.web.builders.WebSecurity       : You are asking Spring Security to ignore Ant [pattern='/register']. This is not recommended -- please use permitAll via HttpSecurity#authorizeHttpRequests instead.
2024-06-19T02:24:59.175+02:00  INFO 12484 --- [Grupparbete] [main] o.s.s.web.DefaultSecurityFilterChain     : Will not secure Ant [pattern='/register']
2024-06-19T02:24:59.176+02:00  WARN 12484 --- [Grupparbete] [main] o.s.s.c.a.web.builders.WebSecurity       : You are asking Spring Security to ignore Ant [pattern='/update/']. This is not recommended -- please use permitAll via HttpSecurity#authorizeHttpRequests instead.
2024-06-19T02:24:59.177+02:00  INFO 12484 --- [Grupparbete] [main] o.s.s.web.DefaultSecurityFilterChain     : Will not secure Ant [pattern='/update/']
2024-06-19T02:24:59.177+02:00  WARN 12484 --- [Grupparbete] [main] o.s.s.c.a.web.builders.WebSecurity       : You are asking Spring Security to ignore Ant [pattern='/delete/']. This is not recommended -- please use permitAll via HttpSecurity#authorizeHttpRequests instead.
2024-06-19T02:24:59.178+02:00  INFO 12484 --- [Grupparbete] [main] o.s.s.web.DefaultSecurityFilterChain     : Will not secure Ant [pattern='/delete/']
2024-06-19T02:25:00.182+02:00  INFO 12484 --- [Grupparbete] [main] o.s.b.a.h2.H2ConsoleAutoConfiguration    : H2 console available at '/h2-console'. Database available at 'jdbc:h2:mem:testdb'
2024-06-19T02:25:00.409+02:00  INFO 12484 --- [Grupparbete] [main] s.m.s.config.SecurityConfigTest          : Started SecurityConfigTest in 14.301 seconds (process running for 17.556)
2024-06-19T02:25:02.091+02:00  INFO 12484 --- [Grupparbete] [SpringApplicationShutdownHook] j.LocalContainerEntityManagerFactoryBean : Closing JPA EntityManagerFactory for persistence unit 'default'
2024-06-19T02:25:02.123+02:00  INFO 12484 --- [Grupparbete] [SpringApplicationShutdownHook] com.zaxxer.hikari.HikariDataSource       : HikariPool-1 - Shutdown initiated...
2024-06-19T02:25:02.144+02:00  INFO 12484 --- [Grupparbete] [SpringApplicationShutdownHook] com.zaxxer.hikari.HikariDataSource       : HikariPool-1 - Shutdown completed.
